<?xml version="1.0" encoding="UTF-8"?>
<!-- Generated by org.testng.reporters.JUnitReportReporter -->
<testsuite hostname="DESKTOP-OEOAVAG" failures="0" tests="2" name="com.newtestpackage.testCases.TC_001_DDT_001" time="3.234" errors="0" timestamp="2024-06-13T13:06:03 IST" skipped="0">
  <testcase classname="com.newtestpackage.testCases.TC_001_DDT_001" name="loginDDT" time="1.211"/>
  <testcase classname="com.newtestpackage.testCases.TC_001_DDT_001" name="loginDDT" time="2.023"/>
</testsuite> <!-- com.newtestpackage.testCases.TC_001_DDT_001 -->
